[debug] [2026-01-30T13:42:00.451Z] ----------------------------------------------------------------------
[debug] [2026-01-30T13:42:00.452Z] Command:       /Users/walter/.nvm/versions/node/v23.3.0/bin/node /Users/walter/.nvm/versions/node/v23.3.0/bin/firebase init
[debug] [2026-01-30T13:42:00.452Z] CLI Version:   14.7.0
[debug] [2026-01-30T13:42:00.452Z] Platform:      darwin
[debug] [2026-01-30T13:42:00.452Z] Node Version:  v23.3.0
[debug] [2026-01-30T13:42:00.453Z] Time:          Fri Jan 30 2026 14:42:00 GMT+0100 (Ora standard dell’Europa centrale)
[debug] [2026-01-30T13:42:00.453Z] ----------------------------------------------------------------------
[debug] 
[debug] [2026-01-30T13:42:00.453Z] >>> [apiv2][query] GET https://firebase-public.firebaseio.com/cli.json [none]
[debug] [2026-01-30T13:42:00.535Z] > command requires scopes: ["email","openid","https://www.googleapis.com/auth/cloudplatformprojects.readonly","https://www.googleapis.com/auth/firebase","https://www.googleapis.com/auth/cloud-platform"]
[debug] [2026-01-30T13:42:00.535Z] > authorizing via signed-in user (cassara.walter1998@gmail.com)
[info] 
     ######## #### ########  ######## ########     ###     ######  ########
     ##        ##  ##     ## ##       ##     ##  ##   ##  ##       ##
     ######    ##  ########  ######   ########  #########  ######  ######
     ##        ##  ##    ##  ##       ##     ## ##     ##       ## ##
     ##       #### ##     ## ######## ########  ##     ##  ######  ########

You're about to initialize a Firebase project in this directory:

  /Users/walter/Desktop/giochi GP/pdg-games

Before we get started, keep in mind:

  * You are initializing within an existing Firebase project directory

[debug] [2026-01-30T13:42:00.920Z] <<< [apiv2][status] GET https://firebase-public.firebaseio.com/cli.json 200
[debug] [2026-01-30T13:42:00.920Z] <<< [apiv2][body] GET https://firebase-public.firebaseio.com/cli.json {"cloudBuildErrorAfter":1594252800000,"cloudBuildWarnAfter":1590019200000,"defaultNode10After":1594252800000,"minVersion":"3.0.5","node8DeploysDisabledAfter":1613390400000,"node8RuntimeDisabledAfter":1615809600000,"node8WarnAfter":1600128000000}
[info] 
=== Project Setup
[info] 
[info] First, let's associate this project directory with a Firebase project.
[info] You can create multiple project aliases by running firebase use --add, 
[info] but for now we'll just set up a default project.
[info] 
[debug] [2026-01-30T13:42:09.250Z] Using project from CLI flag: pdg-games
[debug] [2026-01-30T13:42:09.251Z] Checked if tokens are valid: false, expires at: 1750885433834
[debug] [2026-01-30T13:42:09.251Z] Checked if tokens are valid: false, expires at: 1750885433834
[debug] [2026-01-30T13:42:09.251Z] > refreshing access token with scopes: []
[debug] [2026-01-30T13:42:09.252Z] >>> [apiv2][query] POST https://www.googleapis.com/oauth2/v3/token [none]
[debug] [2026-01-30T13:42:09.252Z] >>> [apiv2][body] POST https://www.googleapis.com/oauth2/v3/token [omitted]
[debug] [2026-01-30T13:42:09.457Z] <<< [apiv2][status] POST https://www.googleapis.com/oauth2/v3/token 400
[debug] [2026-01-30T13:42:09.457Z] <<< [apiv2][body] POST https://www.googleapis.com/oauth2/v3/token [omitted]
[debug] [2026-01-30T13:42:09.458Z] >>> [apiv2][query] GET https://firebase.googleapis.com/v1beta1/projects/pdg-games [none]
[debug] [2026-01-30T13:42:09.712Z] <<< [apiv2][status] GET https://firebase.googleapis.com/v1beta1/projects/pdg-games 401
[debug] [2026-01-30T13:42:09.712Z] <<< [apiv2][body] GET https://firebase.googleapis.com/v1beta1/projects/pdg-games {"error":{"code":401,"message":"Request had invalid authentication credentials. Expected OAuth 2 access token, login cookie or other valid authentication credential. See https://developers.google.com/identity/sign-in/web/devconsole-project.","status":"UNAUTHENTICATED"}}
[debug] [2026-01-30T13:42:09.712Z] Got a 401 Unauthenticated error for a call that required authentication. Refreshing tokens.
[debug] [2026-01-30T13:42:09.712Z] Checked if tokens are valid: false, expires at: 1750885433834
[debug] [2026-01-30T13:42:09.712Z] Checked if tokens are valid: false, expires at: 1750885433834
[debug] [2026-01-30T13:42:09.712Z] > refreshing access token with scopes: []
[debug] [2026-01-30T13:42:09.713Z] >>> [apiv2][query] POST https://www.googleapis.com/oauth2/v3/token [none]
[debug] [2026-01-30T13:42:09.713Z] >>> [apiv2][body] POST https://www.googleapis.com/oauth2/v3/token [omitted]
[debug] [2026-01-30T13:42:09.791Z] <<< [apiv2][status] POST https://www.googleapis.com/oauth2/v3/token 400
[debug] [2026-01-30T13:42:09.791Z] <<< [apiv2][body] POST https://www.googleapis.com/oauth2/v3/token [omitted]
[debug] [2026-01-30T13:42:09.792Z] Request to https://firebase.googleapis.com/v1beta1/projects/pdg-games had HTTP Error: 401, Request had invalid authentication credentials. Expected OAuth 2 access token, login cookie or other valid authentication credential. See https://developers.google.com/identity/sign-in/web/devconsole-project.
[debug] [2026-01-30T13:42:09.988Z] FirebaseError: Request to https://firebase.googleapis.com/v1beta1/projects/pdg-games had HTTP Error: 401, Request had invalid authentication credentials. Expected OAuth 2 access token, login cookie or other valid authentication credential. See https://developers.google.com/identity/sign-in/web/devconsole-project.
    at responseToError (/Users/walter/.nvm/versions/node/v23.3.0/lib/node_modules/firebase-tools/lib/responseToError.js:52:12)
    at RetryOperation._fn (/Users/walter/.nvm/versions/node/v23.3.0/lib/node_modules/firebase-tools/lib/apiv2.js:312:77)
    at process.processTicksAndRejections (node:internal/process/task_queues:105:5)
[error] 
[error] Error: Failed to get Firebase project pdg-games. Please make sure the project exists and your account has permission to access it.
[debug] [2026-01-31T22:39:13.767Z] ----------------------------------------------------------------------
[debug] [2026-01-31T22:39:13.768Z] Command:       /Users/walter/.nvm/versions/node/v23.3.0/bin/node /Users/walter/.nvm/versions/node/v23.3.0/bin/firebase init
[debug] [2026-01-31T22:39:13.768Z] CLI Version:   14.7.0
[debug] [2026-01-31T22:39:13.768Z] Platform:      darwin
[debug] [2026-01-31T22:39:13.768Z] Node Version:  v23.3.0
[debug] [2026-01-31T22:39:13.768Z] Time:          Sat Jan 31 2026 23:39:13 GMT+0100 (Ora standard dell’Europa centrale)
[debug] [2026-01-31T22:39:13.768Z] ----------------------------------------------------------------------
[debug] 
[debug] [2026-01-31T22:39:13.769Z] >>> [apiv2][query] GET https://firebase-public.firebaseio.com/cli.json [none]
[debug] [2026-01-31T22:39:13.851Z] > command requires scopes: ["email","openid","https://www.googleapis.com/auth/cloudplatformprojects.readonly","https://www.googleapis.com/auth/firebase","https://www.googleapis.com/auth/cloud-platform"]
[debug] [2026-01-31T22:39:13.851Z] > authorizing via signed-in user (cassara.walter1998@gmail.com)
[info] 
     ######## #### ########  ######## ########     ###     ######  ########
     ##        ##  ##     ## ##       ##     ##  ##   ##  ##       ##
     ######    ##  ########  ######   ########  #########  ######  ######
     ##        ##  ##    ##  ##       ##     ## ##     ##       ## ##
     ##       #### ##     ## ######## ########  ##     ##  ######  ########

You're about to initialize a Firebase project in this directory:

  /Users/walter/Desktop/giochi GP/pdg-games

Before we get started, keep in mind:

  * You are initializing within an existing Firebase project directory

[debug] [2026-01-31T22:39:14.205Z] <<< [apiv2][status] GET https://firebase-public.firebaseio.com/cli.json 200
[debug] [2026-01-31T22:39:14.206Z] <<< [apiv2][body] GET https://firebase-public.firebaseio.com/cli.json {"cloudBuildErrorAfter":1594252800000,"cloudBuildWarnAfter":1590019200000,"defaultNode10After":1594252800000,"minVersion":"3.0.5","node8DeploysDisabledAfter":1613390400000,"node8RuntimeDisabledAfter":1615809600000,"node8WarnAfter":1600128000000}
[info] 
=== Project Setup
[info] 
[info] First, let's associate this project directory with a Firebase project.
[info] You can create multiple project aliases by running firebase use --add, 
[info] but for now we'll just set up a default project.
[info] 
[debug] [2026-01-31T22:39:19.504Z] Using project from CLI flag: pdg-games
[debug] [2026-01-31T22:39:19.505Z] Checked if tokens are valid: false, expires at: 1750885433834
[debug] [2026-01-31T22:39:19.505Z] Checked if tokens are valid: false, expires at: 1750885433834
[debug] [2026-01-31T22:39:19.505Z] > refreshing access token with scopes: []
[debug] [2026-01-31T22:39:19.506Z] >>> [apiv2][query] POST https://www.googleapis.com/oauth2/v3/token [none]
[debug] [2026-01-31T22:39:19.506Z] >>> [apiv2][body] POST https://www.googleapis.com/oauth2/v3/token [omitted]
[debug] [2026-01-31T22:39:19.687Z] <<< [apiv2][status] POST https://www.googleapis.com/oauth2/v3/token 400
[debug] [2026-01-31T22:39:19.688Z] <<< [apiv2][body] POST https://www.googleapis.com/oauth2/v3/token [omitted]
[debug] [2026-01-31T22:39:19.688Z] >>> [apiv2][query] GET https://firebase.googleapis.com/v1beta1/projects/pdg-games [none]
[debug] [2026-01-31T22:39:19.905Z] <<< [apiv2][status] GET https://firebase.googleapis.com/v1beta1/projects/pdg-games 401
[debug] [2026-01-31T22:39:19.905Z] <<< [apiv2][body] GET https://firebase.googleapis.com/v1beta1/projects/pdg-games {"error":{"code":401,"message":"Request had invalid authentication credentials. Expected OAuth 2 access token, login cookie or other valid authentication credential. See https://developers.google.com/identity/sign-in/web/devconsole-project.","status":"UNAUTHENTICATED"}}
[debug] [2026-01-31T22:39:19.905Z] Got a 401 Unauthenticated error for a call that required authentication. Refreshing tokens.
[debug] [2026-01-31T22:39:19.906Z] Checked if tokens are valid: false, expires at: 1750885433834
[debug] [2026-01-31T22:39:19.906Z] Checked if tokens are valid: false, expires at: 1750885433834
[debug] [2026-01-31T22:39:19.906Z] > refreshing access token with scopes: []
[debug] [2026-01-31T22:39:19.907Z] >>> [apiv2][query] POST https://www.googleapis.com/oauth2/v3/token [none]
[debug] [2026-01-31T22:39:19.907Z] >>> [apiv2][body] POST https://www.googleapis.com/oauth2/v3/token [omitted]
[debug] [2026-01-31T22:39:19.966Z] <<< [apiv2][status] POST https://www.googleapis.com/oauth2/v3/token 400
[debug] [2026-01-31T22:39:19.966Z] <<< [apiv2][body] POST https://www.googleapis.com/oauth2/v3/token [omitted]
[debug] [2026-01-31T22:39:19.967Z] Request to https://firebase.googleapis.com/v1beta1/projects/pdg-games had HTTP Error: 401, Request had invalid authentication credentials. Expected OAuth 2 access token, login cookie or other valid authentication credential. See https://developers.google.com/identity/sign-in/web/devconsole-project.
[debug] [2026-01-31T22:39:20.099Z] FirebaseError: Request to https://firebase.googleapis.com/v1beta1/projects/pdg-games had HTTP Error: 401, Request had invalid authentication credentials. Expected OAuth 2 access token, login cookie or other valid authentication credential. See https://developers.google.com/identity/sign-in/web/devconsole-project.
    at responseToError (/Users/walter/.nvm/versions/node/v23.3.0/lib/node_modules/firebase-tools/lib/responseToError.js:52:12)
    at RetryOperation._fn (/Users/walter/.nvm/versions/node/v23.3.0/lib/node_modules/firebase-tools/lib/apiv2.js:312:77)
    at process.processTicksAndRejections (node:internal/process/task_queues:105:5)
[error] 
[error] Error: Failed to get Firebase project pdg-games. Please make sure the project exists and your account has permission to access it.
